<?xml version="1.0" encoding="UTF-8"?>
<!-- Generated by org.testng.reporters.JUnitReportReporter -->
<testsuite hostname="vino" failures="0" tests="3" name="testng.SkipTestMethods" time="25.597" errors="0" timestamp="2023-09-02T12:01:40 IST" skipped="1">
  <testcase classname="testng.SkipTestMethods" name="sampleAlert" time="12.430"/>
  <testcase classname="testng.SkipTestMethods" name="loginWithInValidValues" time="13.167"/>
  <testcase classname="testng.SkipTestMethods" name="clickForgotPassword">
    <skipped/>
  </testcase> <!-- clickForgotPassword -->
</testsuite> <!-- testng.SkipTestMethods -->
