<?xml version="1.0" encoding="UTF-8"?>
<!-- Generated by org.testng.reporters.JUnitReportReporter -->
<testsuite hostname="vino" failures="0" tests="3" name="testng.GroupTest01" time="40.873" errors="0" timestamp="2023-09-03T10:50:10 IST" skipped="0">
  <testcase classname="testng.GroupTest01" name="loginWithInValidValues" time="12.585"/>
  <testcase classname="testng.GroupTest01" name="sampleAlert" time="13.624"/>
  <testcase classname="testng.GroupTest01" name="clickForgotPassword" time="14.664"/>
</testsuite> <!-- testng.GroupTest01 -->
