<?xml version="1.0" encoding="UTF-8"?>
<!-- Generated by org.testng.reporters.JUnitReportReporter -->
<testsuite hostname="vino" failures="0" tests="2" name="testng.CrossBrowserTest" time="36.642" errors="0" timestamp="2023-09-03T11:41:01 IST" skipped="0">
  <testcase classname="testng.CrossBrowserTest" name="crossBrowserTestExecution" time="13.805"/>
  <testcase classname="testng.CrossBrowserTest" name="crossBrowserTestExecution" time="22.837"/>
</testsuite> <!-- testng.CrossBrowserTest -->
