<?xml version="1.0" encoding="UTF-8"?>
<!-- Generated by org.testng.reporters.JUnitReportReporter -->
<testsuite hostname="vino" failures="0" tests="2" name="testng.SkipMethodTwo" time="25.528" errors="0" timestamp="2023-09-02T12:07:40 IST" skipped="0">
  <testcase classname="testng.SkipMethodTwo" name="loginWithInValidValues" time="11.854"/>
  <testcase classname="testng.SkipMethodTwo" name="clickForgotPassword" time="13.674"/>
</testsuite> <!-- testng.SkipMethodTwo -->
