<?xml version="1.0" encoding="UTF-8"?>
<!-- Generated by org.testng.reporters.JUnitReportReporter -->
<testsuite hostname="vino" failures="0" tests="2" name="testng.TestngAnnotations" time="0.012" errors="0" timestamp="2023-09-02T11:39:07 IST" skipped="0">
  <testcase classname="testng.TestngAnnotations" name="test01" time="0.007"/>
  <testcase classname="testng.TestngAnnotations" name="test02" time="0.005"/>
</testsuite> <!-- testng.TestngAnnotations -->
