<?xml version="1.0" encoding="UTF-8"?>
<!-- Generated by org.testng.reporters.JUnitReportReporter -->
<testsuite hostname="vino" failures="0" tests="2" name="testng.PriorityTest" time="25.671" errors="0" timestamp="2023-09-02T11:39:07 IST" skipped="0">
  <testcase classname="testng.PriorityTest" name="clickForgotPassword" time="13.188"/>
  <testcase classname="testng.PriorityTest" name="loginWithInValidValues" time="12.483"/>
</testsuite> <!-- testng.PriorityTest -->
