<?xml version="1.0" encoding="UTF-8"?>
<!-- Generated by org.testng.reporters.JUnitReportReporter -->
<testsuite hostname="vino" failures="0" tests="2" name="testng.DependencyTest" time="16.243" errors="0" timestamp="2023-09-02T11:39:07 IST" skipped="0">
  <testcase classname="testng.DependencyTest" name="lauchChromeBrowser" time="2.259"/>
  <testcase classname="testng.DependencyTest" name="loginWithInValidValues" time="13.984"/>
</testsuite> <!-- testng.DependencyTest -->
