<?xml version="1.0" encoding="UTF-8"?>
<!-- Generated by org.testng.reporters.JUnitReportReporter -->
<testsuite hostname="vino" failures="0" tests="5" name="testng.InvocationCount" time="73.286" errors="0" timestamp="2023-09-02T11:39:07 IST" skipped="0">
  <testcase classname="testng.InvocationCount" name="clickForgotPassword" time="16.756"/>
  <testcase classname="testng.InvocationCount" name="clickForgotPassword" time="13.436"/>
  <testcase classname="testng.InvocationCount" name="clickForgotPassword" time="13.581"/>
  <testcase classname="testng.InvocationCount" name="clickForgotPassword" time="13.587"/>
  <testcase classname="testng.InvocationCount" name="clickForgotPassword" time="15.926"/>
</testsuite> <!-- testng.InvocationCount -->
