<?xml version="1.0" encoding="UTF-8"?>
<!-- Generated by org.testng.reporters.JUnitReportReporter -->
<testsuite hostname="vino" failures="0" tests="3" name="testng.FirstTestNgProgram" time="40.926" errors="0" timestamp="2023-09-02T11:39:07 IST" skipped="0">
  <testcase classname="testng.FirstTestNgProgram" name="sampleAlert" time="14.698"/>
  <testcase classname="testng.FirstTestNgProgram" name="clickForgotPassword" time="13.344"/>
  <testcase classname="testng.FirstTestNgProgram" name="loginWithInValidValues" time="12.884"/>
</testsuite> <!-- testng.FirstTestNgProgram -->
