<?xml version="1.0" encoding="UTF-8"?>
<!-- Generated by org.testng.reporters.JUnitReportReporter -->
<testsuite hostname="vino" failures="0" tests="2" name="testng.ParametersClass" time="13.277" errors="0" timestamp="2023-09-02T11:59:21 IST" skipped="0">
  <testcase classname="testng.ParametersClass" name="lauchChromeBrowser" time="1.928"/>
  <testcase classname="testng.ParametersClass" name="loginWithInValidValues" time="11.349"/>
</testsuite> <!-- testng.ParametersClass -->
